Arguments: 
  C:\Program Files\nodejs\node.exe C:\Program Files (x86)\Yarn\bin\yarn.js

PATH: 
  C:\Users\apowo-pc\bin;C:\Program Files\Git\mingw64\bin;C:\Program Files\Git\usr\local\bin;C:\Program Files\Git\usr\bin;C:\Program Files\Git\usr\bin;C:\Program Files\Git\mingw64\bin;C:\Program Files\Git\usr\bin;C:\Users\apowo-pc\bin;C:\Python38\Scripts;C:\Python38;C:\Program Files (x86)\Common Files\Oracle\Java\javapath;C:\WINDOWS\system32;C:\WINDOWS;C:\WINDOWS\System32\Wbem;C:\WINDOWS\System32\WindowsPowerShell\v1.0;C:\WINDOWS\System32\OpenSSH;C:\Program Files\Git\cmd;C:\Program Files (x86)\Yarn\bin;C:\Program Files\TortoiseSVN\bin;C:\Program Files\dotnet;C:\Program Files\Microsoft SQL Server\130\Tools\Binn;C:\Program Files (x86)\Windows Kits\10\Windows Performance Toolkit;C:\Program Files\Redis;C:\Program Files (x86)\Java\jdk1.8.0_231\bin;C:\Program Files (x86)\gradle-6.0\bin;C:\Program Files (x86)\NVIDIA Corporation\PhysX\Common;C:\Program Files\NVIDIA Corporation\NVIDIA NvDLISR;C:\Go\bin;C:\ProgramData\chocolatey\bin;C:\WINDOWS\system32;C:\WINDOWS;C:\WINDOWS\System32\Wbem;C:\WINDOWS\System32\WindowsPowerShell\v1.0;C:\WINDOWS\System32\OpenSSH;C:\Program Files\nodejs;C:\Program Files\Docker\Docker\resources\bin;C:\ProgramData\DockerDesktop\version-bin;C:\Users\apowo-pc\.windows-build-tools\python27;C:\Program Files\nodejs\node_modules\npm\node_modules\npm-lifecycle\node-gyp-bin;C:\Users\apowo-pc\AppData\Roaming\npm\node_modules\windows-build-tools\node_modules\.bin;C:\Users\apowo-pc\AppData\Roaming\npm\node_modules\.bin;C:\Windows\system32;C:\Windows;C:\Windows\System32\Wbem;C:\Windows\System32\WindowsPowerShell\v1.0;C:\Windows\System32\OpenSSH;C:\Program Files\Git\cmd;C:\Program Files\nodejs;C:\Program Files (x86)\Yarn\bin;C:\Program Files\TortoiseSVN\bin;C:\Users\apowo-pc\AppData\Local\Microsoft\WindowsApps;C:\Users\apowo-pc\AppData\Local\Programs\Microsoft VS Code\bin;C:\Users\apowo-pc\AppData\Local\Yarn\bin;C:\flutter\bin;C:\Users\apowo-pc\AppData\Local\Microsoft\WindowsApps;C:\Users\apowo-pc\go\bin;C:\Users\apowo-pc\AppData\Local\hyper\app-3.0.2\resources\bin;C:\Users\apowo-pc\.dotnet\tools;C:\Users\apowo-pc\AppData\Local\Android\Sdk\tools;C:\Users\apowo-pc\AppData\Local\Android\Sdk\tools\bin;C:\Users\apowo-pc\AppData\Local\Android\Sdk\platform-tools;C:\Program Files\MongoDB\Server\4.0\bin;F:\go-work\bin;C:\MinGW\bin;C:\Users\apowo-pc\AppData\Roaming\npm;C:\Program Files\Git\usr\bin\vendor_perl;C:\Program Files\Git\usr\bin\core_perl

Yarn version: 
  1.13.0

Node version: 
  14.15.1

Platform: 
  win32 x64

Trace: 
  Error: EBUSY: resource busy or locked, unlink 'F:\PixelPai\qing-project\qing\node_modules\electron\dist\icudtl.dat'

npm manifest: 
  {
    "name": "qing",
    "version": "0.0.1",
    "description": "图轻新版编辑器, 插件化架构设计",
    "main": "dist/main.js",
    "repository": "git@code.apowo.com:PixelPai/qing.git",
    "author": "<mojixiang@apowo.com>",
    "license": "MIT",
    "scripts": {
      "start": "npm-run-all -p electron:serve ng:serve",
      "electron:serve": "wait-on tcp:4200 && npm run build:launcher:serve && npx electron . --serve",
      "ng:serve": "ng serve -c dev  --proxy-config=proxy.conf.json",
      "build:workbench": "ng build workbench --base-href ./",
      "build:workbench:dev": "npm run build:workbench -- -c dev",
      "build:launcher:serve": "tsc -p tsconfig-serve.json",
      "build:launcher": "tsc -p tsconfig.json",
      "electron:local": "npm-run-all -p build:code build:workbench:dev && npx electron .",
      "e2e": "ng e2e"
    },
    "devDependencies": {
      "@angular-builders/custom-webpack": "^10.0.1",
      "@angular-devkit/build-angular": "~0.1100.4",
      "@angular/animations": "^11.0.5",
      "@angular/cdk": "^11.0.3",
      "@angular/cli": "^11.0.4",
      "@angular/common": "^11.0.4",
      "@angular/compiler": "^11.0.4",
      "@angular/compiler-cli": "~11.0.4",
      "@angular/core": "^11.0.4",
      "@angular/elements": "^11.0.5",
      "@angular/forms": "^11.0.5",
      "@angular/platform-browser": "^11.0.4",
      "@angular/platform-browser-dynamic": "^11.0.4",
      "@angular/router": "^11.0.4",
      "@ngxs/store": "^3.7.1",
      "@rollup/plugin-commonjs": "^17.0.0",
      "@rollup/plugin-json": "^4.1.0",
      "@rollup/plugin-node-resolve": "^11.1.0",
      "@types/jasmine": "^3.6.2",
      "@types/jest": "^26.0.19",
      "@types/lodash-es": "^4.17.3",
      "@types/mocha": "^8.2.0",
      "@types/node": "^14.14.14",
      "chai": "^4.2.0",
      "class-transformer": "^0.3.1",
      "copyfiles": "^2.4.1",
      "electron": "^11.1.0",
      "electron-rpc": "^2.0.1",
      "extract-zip": "^2.0.1",
      "fs-extra": "^9.0.1",
      "jasmine-core": "^3.6.0",
      "lodash-es": "^4.17.15",
      "module-alias": "^2.2.2",
      "ng-packagr": "^11.0.3",
      "ngx-build-plus": "^10.1.1",
      "npm-run-all": "^4.1.5",
      "primeflex": "^2.0.0",
      "primeicons": "^4.1.0",
      "primeng": "^11.1.0-rc.1",
      "protractor": "^7.0.0",
      "rimraf": "^3.0.2",
      "rollup": "^2.38.0",
      "rollup-plugin-auto-external": "^2.0.0",
      "rollup-plugin-node-builtins": "^2.1.2",
      "rollup-plugin-node-globals": "^1.4.0",
      "rollup-plugin-node-resolve": "^5.2.0",
      "rollup-plugin-typescript2": "^0.29.0",
      "rxjs": "^6.6.3",
      "typescript": "~4.0.2",
      "wait-on": "^5.2.0",
      "wget-improved": "^3.2.1",
      "zone.js": "^0.11.3"
    },
    "_moduleAliases": {
      "src": "dist"
    },
    "dependencies": {
      "qing-web-api-sdk": "git+ssh://git@code.apowo.com:PixelPai/qing-web-api-sdk.git",
      "systemjs": "^6.8.3"
    }
  }

yarn manifest: 
  No manifest

Lockfile: 
  No lockfile
